{
  "RSpec": {
    "coverage": {
      "/Users/nickbutler/Projects/MakersBnB/spec/makers_bnb_spec.rb": {
        "lines": [
          null,
          null,
          1,
          1,
          null,
          1,
          5,
          null,
          1,
          1,
          null,
          null,
          1,
          1,
          null,
          null,
          1,
          1,
          0,
          null,
          null,
          1,
          1,
          null,
          null,
          1,
          1,
          0,
          null,
          null
        ]
      },
      "/Users/nickbutler/Projects/MakersBnB/lib/makers_BnB.rb": {
        "lines": [
          null,
          null,
          1,
          1,
          null,
          1,
          null,
          1,
          5,
          null,
          null,
          1,
          0,
          0,
          null,
          0,
          null,
          0,
          0,
          0,
          0,
          null,
          null,
          null,
          1,
          0,
          0,
          null,
          0,
          null,
          0,
          null,
          null
        ]
      },
      "/Users/nickbutler/Projects/MakersBnB/lib/space.rb": {
        "lines": [
          null,
          null,
          1,
          1,
          null,
          1,
          1,
          null,
          null
        ]
      },
      "/Users/nickbutler/Projects/MakersBnB/spec/space_spec.rb": {
        "lines": [
          null,
          null,
          1,
          null,
          1,
          2,
          null,
          1,
          1,
          null,
          null
        ]
      }
    },
    "timestamp": 1592316322
  }
}
