{
  "RSpec": {
    "coverage": {
      "/Users/student/gitDir/MakersBnB/spec/features/adding_space_spec.rb": {
        "lines": [
          1,
          1,
          1,
          null,
          1,
          1,
          1,
          null,
          null
        ]
      },
      "/Users/student/gitDir/MakersBnB/spec/features/view_spaces_spec.rb": {
        "lines": [
          1,
          1,
          1,
          1,
          1,
          1,
          null,
          null
        ]
      }
    },
    "timestamp": 1592303920
  }
}
